<?xml version="1.0" encoding="UTF-8"?>
<!-- Generated by org.testng.reporters.JUnitXMLReporter -->
<testsuite hostname="mammu-PC" name="Test" tests="3" failures="0" timestamp="26 Mar 2022 10:45:47 GMT" time="104.615" errors="0">
  <testcase name="booking" time="0.0" classname="com.cts.qa.test.FlightBooking">
    <skipped/>
  </testcase> <!-- booking -->
  <testcase name="fillData" time="0.0" classname="com.cts.qa.test.FlightBooking">
    <skipped/>
  </testcase> <!-- fillData -->
  <testcase name="selectData" time="0.0" classname="com.cts.qa.test.FlightBooking">
    <skipped/>
  </testcase> <!-- selectData -->
</testsuite> <!-- Test -->
